0 info it worked if it ends with ok
1 verbose cli [ 'node', '/usr/local/bin/npm', 'install', 'express', '-g' ]
2 info using npm@1.1.61
3 info using node@v0.8.9
4 verbose read json /usr/local/lib/package.json
5 verbose read json /usr/local/lib/package.json
6 verbose cache add [ 'express', null ]
7 silly cache add name=undefined spec="express" args=["express",null]
8 verbose parsed url { pathname: 'express', path: 'express', href: 'express' }
9 silly lockFile f3c62de4-express express
10 verbose lock express /Users/buri/.npm/f3c62de4-express.lock
11 silly lockFile f3c62de4-express express
12 verbose addNamed [ 'express', '' ]
13 verbose addNamed [ null, '' ]
14 silly lockFile 64a534c1-express express@
15 verbose lock express@ /Users/buri/.npm/64a534c1-express.lock
16 silly addNameRange { name: 'express', range: '', hasData: false }
17 verbose url raw express
18 verbose url resolving [ 'https://registry.npmjs.org/', './express' ]
19 verbose url resolved https://registry.npmjs.org/express
20 info trying registry request attempt 1 at 02:18:17
21 http GET https://registry.npmjs.org/express
22 http 200 https://registry.npmjs.org/express
23 silly registry.get cb [ 200,
23 silly registry.get   { vary: 'Accept',
23 silly registry.get     server: 'CouchDB/1.2.0 (Erlang OTP/R15B)',
23 silly registry.get     etag: '"227WIU2IQCHTQC83JWVMQ69S7"',
23 silly registry.get     date: 'Sat, 29 Sep 2012 17:18:18 GMT',
23 silly registry.get     'content-type': 'application/json',
23 silly registry.get     'content-length': '208148' } ]
24 silly addNameRange number 2 { name: 'express', range: '', hasData: true }
25 silly addNameRange versions [ 'express',
25 silly addNameRange   [ '0.14.0',
25 silly addNameRange     '0.14.1',
25 silly addNameRange     '1.0.0beta',
25 silly addNameRange     '1.0.0beta2',
25 silly addNameRange     '1.0.0rc',
25 silly addNameRange     '1.0.0rc2',
25 silly addNameRange     '1.0.0rc3',
25 silly addNameRange     '1.0.0rc4',
25 silly addNameRange     '1.0.0',
25 silly addNameRange     '1.0.1',
25 silly addNameRange     '1.0.2',
25 silly addNameRange     '1.0.3',
25 silly addNameRange     '1.0.4',
25 silly addNameRange     '1.0.5',
25 silly addNameRange     '1.0.6',
25 silly addNameRange     '1.0.7',
25 silly addNameRange     '2.0.0beta',
25 silly addNameRange     '1.0.8',
25 silly addNameRange     '2.0.0beta2',
25 silly addNameRange     '2.0.0beta3',
25 silly addNameRange     '2.0.0rc',
25 silly addNameRange     '2.0.0rc2',
25 silly addNameRange     '2.0.0rc3',
25 silly addNameRange     '2.0.0',
25 silly addNameRange     '2.1.0',
25 silly addNameRange     '2.1.1',
25 silly addNameRange     '2.2.0',
25 silly addNameRange     '2.2.1',
25 silly addNameRange     '2.2.2',
25 silly addNameRange     '2.3.0',
25 silly addNameRange     '2.3.1',
25 silly addNameRange     '2.3.2',
25 silly addNameRange     '2.3.3',
25 silly addNameRange     '2.3.4',
25 silly addNameRange     '2.3.5',
25 silly addNameRange     '2.3.6',
25 silly addNameRange     '2.3.7',
25 silly addNameRange     '2.3.8',
25 silly addNameRange     '2.3.9',
25 silly addNameRange     '2.3.10',
25 silly addNameRange     '2.3.11',
25 silly addNameRange     '2.3.12',
25 silly addNameRange     '2.4.0',
25 silly addNameRange     '2.4.1',
25 silly addNameRange     '2.4.2',
25 silly addNameRange     '2.4.3',
25 silly addNameRange     '2.4.4',
25 silly addNameRange     '2.4.5',
25 silly addNameRange     '2.4.6',
25 silly addNameRange     '2.4.7',
25 silly addNameRange     '2.5.0',
25 silly addNameRange     '2.5.1',
25 silly addNameRange     '2.5.2',
25 silly addNameRange     '2.5.3',
25 silly addNameRange     '2.5.4',
25 silly addNameRange     '2.5.5',
25 silly addNameRange     '2.5.6',
25 silly addNameRange     '2.5.7',
25 silly addNameRange     '2.5.8',
25 silly addNameRange     '2.5.9',
25 silly addNameRange     '3.0.0alpha1',
25 silly addNameRange     '3.0.0alpha2',
25 silly addNameRange     '3.0.0alpha3',
25 silly addNameRange     '3.0.0alpha4',
25 silly addNameRange     '3.0.0alpha5',
25 silly addNameRange     '3.0.0beta1',
25 silly addNameRange     '3.0.0beta2',
25 silly addNameRange     '3.0.0beta3',
25 silly addNameRange     '2.5.10',
25 silly addNameRange     '3.0.0beta4',
25 silly addNameRange     '2.5.11',
25 silly addNameRange     '3.0.0beta6',
25 silly addNameRange     '3.0.0beta7',
25 silly addNameRange     '3.0.0rc1',
25 silly addNameRange     '3.0.0rc2',
25 silly addNameRange     '3.0.0rc3',
25 silly addNameRange     '3.0.0rc4',
25 silly addNameRange     '3.0.0rc5' ] ]
26 verbose addNamed [ 'express', '3.0.0rc4' ]
27 verbose addNamed [ '3.0.0rc4', '3.0.0rc4' ]
28 silly lockFile b950aa27-express-3-0-0rc4 express@3.0.0rc4
29 verbose lock express@3.0.0rc4 /Users/buri/.npm/b950aa27-express-3-0-0rc4.lock
30 verbose read json /Users/buri/.npm/express/3.0.0rc4/package/package.json
31 silly lockFile b950aa27-express-3-0-0rc4 express@3.0.0rc4
32 silly lockFile 64a534c1-express express@
33 silly resolved [ { name: 'express',
33 silly resolved     description: 'Sinatra inspired web development framework',
33 silly resolved     version: '3.0.0rc4',
33 silly resolved     author: { name: 'TJ Holowaychuk', email: 'tj@vision-media.ca' },
33 silly resolved     contributors: [ [Object], [Object], [Object], [Object] ],
33 silly resolved     dependencies:
33 silly resolved      { connect: '2.4.4',
33 silly resolved        commander: '0.6.1',
33 silly resolved        'range-parser': '0.0.4',
33 silly resolved        mkdirp: '0.3.3',
33 silly resolved        cookie: '0.0.4',
33 silly resolved        crc: '0.2.0',
33 silly resolved        fresh: '0.1.0',
33 silly resolved        methods: '0.0.1',
33 silly resolved        send: '0.0.4',
33 silly resolved        debug: '*' },
33 silly resolved     devDependencies:
33 silly resolved      { ejs: '*',
33 silly resolved        mocha: '*',
33 silly resolved        jade: '*',
33 silly resolved        hjs: '*',
33 silly resolved        stylus: '*',
33 silly resolved        should: '*',
33 silly resolved        'connect-redis': '*',
33 silly resolved        'github-flavored-markdown': '*',
33 silly resolved        supertest: '0.0.1' },
33 silly resolved     keywords:
33 silly resolved      [ 'express',
33 silly resolved        'framework',
33 silly resolved        'sinatra',
33 silly resolved        'web',
33 silly resolved        'rest',
33 silly resolved        'restful',
33 silly resolved        'router',
33 silly resolved        'app',
33 silly resolved        'api' ],
33 silly resolved     publishConfig: { tag: '3.0' },
33 silly resolved     repository: { type: 'git', url: 'git://github.com/visionmedia/express' },
33 silly resolved     main: 'index',
33 silly resolved     bin: { express: './bin/express' },
33 silly resolved     scripts: { prepublish: 'npm prune', test: 'make test' },
33 silly resolved     engines: { node: '*' },
33 silly resolved     readme: '\n![express logo](http://f.cl.ly/items/0V2S1n0K1i3y1c122g04/Screen%20Shot%202012-04-11%20at%209.59.42%20AM.png)\n\n  Fast, unopinionated, minimalist web framework for [node](http://nodejs.org). [![Build Status](https://secure.travis-ci.org/visionmedia/express.png)](http://travis-ci.org/visionmedia/express)\n\n```js\nvar express = require(\'express\');\nvar app = express();\n\napp.get(\'/\', function(req, res){\n  res.send(\'Hello World\');\n});\n\napp.listen(3000);\n```\n\n## Installation\n\n    $ npm install -g express\n\n To install the 3.0 alpha:\n \n    $ npm install -g express@3.0\n\n## Quick Start\n\n The quickest way to get started with express is to utilize the executable `express(1)` to generate an application as shown below:\n\n Create the app:\n\n    $ npm install -g express\n    $ express /tmp/foo && cd /tmp/foo\n\n Install dependencies:\n\n    $ npm install\n\n Start the server:\n\n    $ node app\n\n## Features\n\n  * Built on [Connect](http://github.com/senchalabs/connect)\n  * Robust routing\n  * HTTP helpers (redirection, caching, etc)\n  * View system supporting 14+ template engines\n  * Content negotiation\n  * Focus on high performance\n  * Environment based configuration\n  * Executable for generating applications quickly\n  * High test coverage\n\n## Philosophy\n\n  The Express philosophy is to provide small, robust tooling for HTTP servers. Making\n  it a great solution for single page applications, web sites, hybrids, or public\n  HTTP APIs.\n  \n  Built on Connect you can use _only_ what you need, and nothing more, applications\n  can be as big or as small as you like, even a single file. Express does\n  not force you to use any specific ORM or template engine. With support for over\n  14 template engines via [Consolidate.js](http://github.com/visionmedia/consolidate.js)\n  you can quickly craft your perfect framework.\n\n## More Information\n\n  * Join #express on freenode\n  * [Google Group](http://groups.google.com/group/express-js) for discussion\n  * Follow [tjholowaychuk](http://twitter.com/tjholowaychuk) on twitter for updates\n  * Visit the [Wiki](http://github.com/visionmedia/express/wiki)\n  * [日本語ドキュメンテーション](http://hideyukisaito.com/doc/expressjs/) by [hideyukisaito](https://github.com/hideyukisaito)\n  * [Русскоязычная документация](http://express-js.ru/)\n\n## Viewing Examples\n\nFirst install the dev dependencies to install all the example / test suite deps:\n\n    $ cd express\n    $ npm install\n\nthen run whichever tests you want:\n\n    $ node examples/content-negotiation\n\n## Running Tests\n\nTo run the test suite first invoke the following command within the repo, installing the development dependencies:\n\n    $ npm install\n\nthen run the tests:\n\n    $ make test\n\n## Contributors\n\n```\nproject: express\ncommits: 3559\nactive : 468 days\nfiles  : 237\nauthors: \n 1891\tTj Holowaychuk          53.1%\n 1285\tvisionmedia             36.1%\n  182\tTJ Holowaychuk          5.1%\n   54\tAaron Heckmann          1.5%\n   34\tcsausdev                1.0%\n   26\tciaranj                 0.7%\n   21\tRobert Sköld          0.6%\n    6\tGuillermo Rauch         0.2%\n    3\tDav Glass               0.1%\n    3\tNick Poulden            0.1%\n    2\tRandy Merrill           0.1%\n    2\tBenny Wong              0.1%\n    2\tHunter Loftis           0.1%\n    2\tJake Gordon             0.1%\n    2\tBrian McKinney          0.1%\n    2\tRoman Shtylman          0.1%\n    2\tBen Weaver              0.1%\n    2\tDave Hoover             0.1%\n    2\tEivind Fjeldstad        0.1%\n    2\tDaniel Shaw             0.1%\n    1\tMatt Colyer             0.0%\n    1\tPau Ramon               0.0%\n    1\tPero Pejovic            0.0%\n    1\tPeter Rekdal Sunde      0.0%\n    1\tRaynos                  0.0%\n    1\tTeng Siong Ong          0.0%\n    1\tViktor Kelemen          0.0%\n    1\tctide                   0.0%\n    1\t8bitDesigner            0.0%\n    1\tisaacs                  0.0%\n    1\tmgutz                   0.0%\n    1\tpikeas                  0.0%\n    1\tshuwatto                0.0%\n    1\ttstrimple               0.0%\n    1\tewoudj                  0.0%\n    1\tAdam Sanderson          0.0%\n    1\tAndrii Kostenko         0.0%\n    1\tAndy Hiew               0.0%\n    1\tArpad Borsos            0.0%\n    1\tAshwin Purohit          0.0%\n    1\tBenjen                  0.0%\n    1\tDarren Torpey           0.0%\n    1\tGreg Ritter             0.0%\n    1\tGregory Ritter          0.0%\n    1\tJames Herdman           0.0%\n    1\tJim Snodgrass           0.0%\n    1\tJoe McCann              0.0%\n    1\tJonathan Dumaine        0.0%\n    1\tJonathan Palardy        0.0%\n    1\tJonathan Zacsh          0.0%\n    1\tJustin Lilly            0.0%\n    1\tKen Sato                0.0%\n    1\tMaciej Małecki         0.0%\n    1\tMasahiro Hayashi        0.0%\n```\n\n## License \n\n(The MIT License)\n\nCopyright (c) 2009-2012 TJ Holowaychuk &lt;tj@vision-media.ca&gt;\n\nPermission is hereby granted, free of charge, to any person obtaining\na copy of this software and associated documentation files (the\n\'Software\'), to deal in the Software without restriction, including\nwithout limitation the rights to use, copy, modify, merge, publish,\ndistribute, sublicense, and/or sell copies of the Software, and to\npermit persons to whom the Software is furnished to do so, subject to\nthe following conditions:\n\nThe above copyright notice and this permission notice shall be\nincluded in all copies or substantial portions of the Software.\n\nTHE SOFTWARE IS PROVIDED \'AS IS\', WITHOUT WARRANTY OF ANY KIND,\nEXPRESS OR IMPLIED, INCLUDING BUT NOT LIMITED TO THE WARRANTIES OF\nMERCHANTABILITY, FITNESS FOR A PARTICULAR PURPOSE AND NONINFRINGEMENT.\nIN NO EVENT SHALL THE AUTHORS OR COPYRIGHT HOLDERS BE LIABLE FOR ANY\nCLAIM, DAMAGES OR OTHER LIABILITY, WHETHER IN AN ACTION OF CONTRACT,\nTORT OR OTHERWISE, ARISING FROM, OUT OF OR IN CONNECTION WITH THE\nSOFTWARE OR THE USE OR OTHER DEALINGS IN THE SOFTWARE.\n',
33 silly resolved     _id: 'express@3.0.0rc4',
33 silly resolved     _from: 'express' } ]
34 info install express@3.0.0rc4 into /usr/local/lib
35 info installOne express@3.0.0rc4
36 verbose from cache /Users/buri/.npm/express/3.0.0rc4/package/package.json
37 info /usr/local/lib/node_modules/express unbuild
38 verbose read json /usr/local/lib/node_modules/express/package.json
39 info preuninstall express@3.0.0rc4
40 info uninstall express@3.0.0rc4
41 verbose true,/usr/local/lib/node_modules,/usr/local/lib/node_modules unbuild express@3.0.0rc4
42 verbose /usr/local/bin,[object Object] binRoot
43 info /usr/local/lib/node_modules/express unbuild
44 verbose read json /usr/local/lib/node_modules/express/package.json
45 info preuninstall express@3.0.0rc4
46 info uninstall express@3.0.0rc4
47 verbose true,/usr/local/lib/node_modules,/usr/local/lib/node_modules unbuild express@3.0.0rc4
48 verbose /usr/local/bin,[object Object] binRoot
49 error error rolling back Error: EPERM, chmod '/usr/local/bin/express'
49 error error rolling back  express@3.0.0rc4 { [Error: EPERM, chmod '/usr/local/bin/express'] errno: 50, code: 'EPERM', path: '/usr/local/bin/express' }
50 error Error: EPERM, chmod '/usr/local/bin/express'
50 error  { [Error: EPERM, chmod '/usr/local/bin/express'] errno: 50, code: 'EPERM', path: '/usr/local/bin/express' }
51 error Please try running this command again as root/Administrator.
52 error System Darwin 12.2.0
53 error command "node" "/usr/local/bin/npm" "install" "express" "-g"
54 error cwd /Users/buri/dev/git/repository
55 error node -v v0.8.9
56 error npm -v 1.1.61
57 error path /usr/local/bin/express
58 error code EPERM
59 error errno 50
60 error stack Error: EPERM, chmod '/usr/local/bin/express'
61 verbose exit [ 50, true ]
